==============================================================================
Tests                                                                         
==============================================================================
Tests.Guest Home Page                                                         
==============================================================================
Tests.Guest Home Page.NavigationMenuTest                                      
==============================================================================
Click Discover in navigation menu                                     | PASS |
------------------------------------------------------------------------------
Click People in navigation menu                                       | PASS |
------------------------------------------------------------------------------
Click Learning in navigation menu                                     | PASS |
------------------------------------------------------------------------------
Click Jobs in navigation menu                                         | PASS |
------------------------------------------------------------------------------
Tests.Guest Home Page.NavigationMenuTest                              | PASS |
4 tests, 4 passed, 0 failed
==============================================================================
Tests.Guest Home Page                                                 | PASS |
4 tests, 4 passed, 0 failed
==============================================================================
Tests                                                                 | PASS |
4 tests, 4 passed, 0 failed
==============================================================================
Output:  C:\Users\Steven\repos\vscode\TestFramework\seleniumrobot\output\pabot_results\0\output.xml
